<?xml version="1.0" encoding="UTF-8"?>
<!-- Generated by org.testng.reporters.JUnitReportReporter -->
<testsuite hostname="keystrat-PC" name="FaceBookPackage.Registration" tests="1" failures="0" timestamp="8 Dec 2016 23:53:07 GMT" time="29.649" errors="0">
  <testcase name="f2" time="29.649" classname="FaceBookPackage.Registration"/>
</testsuite> <!-- FaceBookPackage.Registration -->
