<?xml version="1.0" encoding="UTF-8"?>
<!-- Generated by org.testng.reporters.JUnitReportReporter -->
<testsuite hostname="keystrat-PC" name="FirstPack.Login" tests="1" failures="0" timestamp="9 Dec 2016 17:51:43 GMT" time="13.605" errors="0">
  <testcase name="f1" time="13.605" classname="FirstPack.Login"/>
</testsuite> <!-- FirstPack.Login -->
