<?xml version="1.0" encoding="UTF-8"?>
<!-- Generated by org.testng.reporters.JUnitReportReporter -->
<testsuite hostname="keystrat-PC" name="FirstPack.SendingMessages" tests="1" failures="0" timestamp="9 Dec 2016 18:08:19 GMT" time="21.860" errors="0">
  <testcase name="f3" time="21.860" classname="FirstPack.SendingMessages"/>
</testsuite> <!-- FirstPack.SendingMessages -->
