<?xml version="1.0" encoding="UTF-8"?>
<!-- Generated by org.testng.reporters.JUnitReportReporter -->
<testsuite hostname="keystrat-PC" name="FirstPack.Registration" tests="1" failures="0" timestamp="9 Dec 2016 18:08:19 GMT" time="19.984" errors="0">
  <testcase name="f2" time="19.984" classname="FirstPack.Registration"/>
</testsuite> <!-- FirstPack.Registration -->
