<?xml version="1.0" encoding="UTF-8"?>
<!-- Generated by org.testng.reporters.JUnitReportReporter -->
<testsuite hostname="keystrat-PC" name="FirstPack.LoginFB" tests="1" failures="0" timestamp="9 Dec 2016 18:08:19 GMT" time="13.836" errors="0">
  <testcase name="f1" time="13.836" classname="FirstPack.LoginFB"/>
</testsuite> <!-- FirstPack.LoginFB -->
