<?xml version="1.0" encoding="UTF-8"?>
<!-- Generated by org.testng.reporters.JUnitReportReporter -->
<testsuite hostname="keystrat-PC" name="FirstPack.FriendsList" tests="1" failures="0" timestamp="9 Dec 2016 17:50:34 GMT" time="14.833" errors="0">
  <testcase name="f4" time="14.833" classname="FirstPack.FriendsList"/>
</testsuite> <!-- FirstPack.FriendsList -->
