<?xml version="1.0" encoding="UTF-8"?>
<!-- Generated by org.testng.reporters.JUnitReportReporter -->
<testsuite hostname="keystrat-PC" name="FirstPack.LoginFB" tests="1" failures="0" timestamp="9 Dec 2016 23:24:24 GMT" time="16.603" errors="0">
  <testcase name="f1" time="16.603" classname="FirstPack.LoginFB"/>
</testsuite> <!-- FirstPack.LoginFB -->
