<?xml version="1.0" encoding="UTF-8"?>
<!-- Generated by org.testng.reporters.JUnitReportReporter -->
<testsuite hostname="keystrat-PC" name="FirstPack.Registration" tests="1" failures="0" timestamp="9 Dec 2016 23:24:24 GMT" time="21.336" errors="0">
  <testcase name="f2" time="21.336" classname="FirstPack.Registration"/>
</testsuite> <!-- FirstPack.Registration -->
