<?xml version="1.0" encoding="UTF-8"?>
<!-- Generated by org.testng.reporters.JUnitReportReporter -->
<testsuite hostname="keystrat-PC" name="FirstPack.FriendsList" tests="1" failures="0" timestamp="9 Dec 2016 23:22:35 GMT" time="30.094" errors="0">
  <testcase name="f4" time="30.094" classname="FirstPack.FriendsList"/>
</testsuite> <!-- FirstPack.FriendsList -->
